<?xml version="1.0" encoding="UTF-8"?>
<!-- Generated by org.testng.reporters.JUnitReportReporter -->
<testsuite hostname="RomeoRanjan" failures="0" tests="1" name="com.hrms.testscripts.TC_002" time="68.120" errors="0" timestamp="2024-10-23T16:20:22 IST" skipped="0">
  <testcase classname="com.hrms.testscripts.TC_002" name="tc_002" time="68.120"/>
  <system-out>
    <![CDATA[Application Opened
Login Completed
Mouse over completed
PIM click completed
New Emp Added
Logout completed
Application Closed]]>
  </system-out>
</testsuite> <!-- com.hrms.testscripts.TC_002 -->
