<?xml version="1.0" encoding="UTF-8"?>
<!-- Generated by org.testng.reporters.JUnitReportReporter -->
<testsuite hostname="RomeoRanjan" failures="0" tests="1" name="com.hrms.testscripts.TC_001" time="46.961" errors="0" timestamp="2024-10-23T16:20:22 IST" skipped="0">
  <testcase classname="com.hrms.testscripts.TC_001" name="tc_001" time="46.961"/>
  <system-out>
    <![CDATA[Application Opened
Login Completed
Logout completed
Application Closed]]>
  </system-out>
</testsuite> <!-- com.hrms.testscripts.TC_001 -->
